<?xml version="1.0" encoding="UTF-8"?>
<!-- Generated by org.testng.reporters.JUnitXMLReporter -->
<testsuite ignored="0" hostname="LAPTOP-00HTMRBB" failures="0" tests="4" name="chrome" time="0.224" errors="0" timestamp="2022-07-16T21:43:24 IST">
  <testcase classname="test_pack.Demo1" name="test1" time="0.015"/>
  <testcase classname="test_pack.Demo2" name="test1" time="0.02"/>
  <testcase classname="test_pack.Demo1" name="test2" time="0.025"/>
  <testcase classname="test_pack.Demo2" name="test2" time="0.071"/>
</testsuite> <!-- chrome -->
