<?xml version="1.0" encoding="UTF-8"?>
<testng-results ignored="0" total="4" passed="4" failed="0" skipped="0">
  <reporter-output>
  </reporter-output>
  <suite started-at="2022-07-16T21:43:24 IST" name="feb26" finished-at="2022-07-16T21:43:24 IST" duration-ms="224">
    <groups>
    </groups>
    <test started-at="2022-07-16T21:43:24 IST" name="chrome" finished-at="2022-07-16T21:43:24 IST" duration-ms="224">
      <class name="test_pack.Demo2">
        <test-method is-config="true" signature="beforeSuite()[pri:0, instance:test_pack.Demo2@7e5afaa6]" started-at="2022-07-16T21:43:24 IST" name="beforeSuite" finished-at="2022-07-16T21:43:24 IST" duration-ms="27" status="PASS">
          <reporter-output>
          </reporter-output>
        </test-method> <!-- beforeSuite -->
        <test-method is-config="true" signature="beforeTest()[pri:0, instance:test_pack.Demo2@7e5afaa6]" started-at="2022-07-16T21:43:24 IST" name="beforeTest" finished-at="2022-07-16T21:43:24 IST" duration-ms="1" status="PASS">
          <reporter-output>
          </reporter-output>
        </test-method> <!-- beforeTest -->
        <test-method is-config="true" signature="beforeClass()[pri:0, instance:test_pack.Demo2@7e5afaa6]" started-at="2022-07-16T21:43:24 IST" name="beforeClass" finished-at="2022-07-16T21:43:24 IST" duration-ms="1" status="PASS">
          <reporter-output>
          </reporter-output>
        </test-method> <!-- beforeClass -->
        <test-method is-config="true" signature="beforeMethod()[pri:0, instance:test_pack.Demo2@7e5afaa6]" started-at="2022-07-16T21:43:24 IST" name="beforeMethod" finished-at="2022-07-16T21:43:24 IST" duration-ms="1" status="PASS">
          <reporter-output>
          </reporter-output>
        </test-method> <!-- beforeMethod -->
        <test-method signature="test1()[pri:0, instance:test_pack.Demo2@7e5afaa6]" started-at="2022-07-16T21:43:24 IST" name="test1" finished-at="2022-07-16T21:43:24 IST" duration-ms="20" status="PASS">
          <reporter-output>
          </reporter-output>
        </test-method> <!-- test1 -->
        <test-method is-config="true" signature="afterMethod()[pri:0, instance:test_pack.Demo2@7e5afaa6]" started-at="2022-07-16T21:43:24 IST" name="afterMethod" finished-at="2022-07-16T21:43:24 IST" duration-ms="4" status="PASS">
          <reporter-output>
          </reporter-output>
        </test-method> <!-- afterMethod -->
        <test-method is-config="true" signature="beforeMethod()[pri:0, instance:test_pack.Demo2@7e5afaa6]" started-at="2022-07-16T21:43:24 IST" name="beforeMethod" finished-at="2022-07-16T21:43:24 IST" duration-ms="14" status="PASS">
          <reporter-output>
          </reporter-output>
        </test-method> <!-- beforeMethod -->
        <test-method signature="test2()[pri:0, instance:test_pack.Demo2@7e5afaa6]" started-at="2022-07-16T21:43:24 IST" name="test2" finished-at="2022-07-16T21:43:24 IST" duration-ms="71" status="PASS">
          <reporter-output>
          </reporter-output>
        </test-method> <!-- test2 -->
        <test-method is-config="true" signature="afterMethod()[pri:0, instance:test_pack.Demo2@7e5afaa6]" started-at="2022-07-16T21:43:24 IST" name="afterMethod" finished-at="2022-07-16T21:43:24 IST" duration-ms="2" status="PASS">
          <reporter-output>
          </reporter-output>
        </test-method> <!-- afterMethod -->
        <test-method is-config="true" signature="afterClass()[pri:0, instance:test_pack.Demo2@7e5afaa6]" started-at="2022-07-16T21:43:24 IST" name="afterClass" finished-at="2022-07-16T21:43:24 IST" duration-ms="1" status="PASS">
          <reporter-output>
          </reporter-output>
        </test-method> <!-- afterClass -->
        <test-method is-config="true" signature="AfterTest()[pri:0, instance:test_pack.Demo2@7e5afaa6]" started-at="2022-07-16T21:43:24 IST" name="AfterTest" finished-at="2022-07-16T21:43:24 IST" duration-ms="1" status="PASS">
          <reporter-output>
          </reporter-output>
        </test-method> <!-- AfterTest -->
        <test-method is-config="true" signature="afterSuite()[pri:0, instance:test_pack.Demo2@7e5afaa6]" started-at="2022-07-16T21:43:24 IST" name="afterSuite" finished-at="2022-07-16T21:43:24 IST" duration-ms="1" status="PASS">
          <reporter-output>
          </reporter-output>
        </test-method> <!-- afterSuite -->
      </class> <!-- test_pack.Demo2 -->
      <class name="test_pack.Demo1">
        <test-method is-config="true" signature="beforeClass()[pri:0, instance:test_pack.Demo1@4d02f94e]" started-at="2022-07-16T21:43:24 IST" name="beforeClass" finished-at="2022-07-16T21:43:24 IST" duration-ms="1" status="PASS">
          <reporter-output>
          </reporter-output>
        </test-method> <!-- beforeClass -->
        <test-method is-config="true" signature="beforeMethod()[pri:0, instance:test_pack.Demo1@4d02f94e]" started-at="2022-07-16T21:43:24 IST" name="beforeMethod" finished-at="2022-07-16T21:43:24 IST" duration-ms="2" status="PASS">
          <reporter-output>
          </reporter-output>
        </test-method> <!-- beforeMethod -->
        <test-method signature="test1()[pri:0, instance:test_pack.Demo1@4d02f94e]" started-at="2022-07-16T21:43:24 IST" name="test1" finished-at="2022-07-16T21:43:24 IST" duration-ms="15" status="PASS">
          <reporter-output>
          </reporter-output>
        </test-method> <!-- test1 -->
        <test-method is-config="true" signature="afterMethod()[pri:0, instance:test_pack.Demo1@4d02f94e]" started-at="2022-07-16T21:43:24 IST" name="afterMethod" finished-at="2022-07-16T21:43:24 IST" duration-ms="2" status="PASS">
          <reporter-output>
          </reporter-output>
        </test-method> <!-- afterMethod -->
        <test-method is-config="true" signature="beforeMethod()[pri:0, instance:test_pack.Demo1@4d02f94e]" started-at="2022-07-16T21:43:24 IST" name="beforeMethod" finished-at="2022-07-16T21:43:24 IST" duration-ms="1" status="PASS">
          <reporter-output>
          </reporter-output>
        </test-method> <!-- beforeMethod -->
        <test-method signature="test2()[pri:0, instance:test_pack.Demo1@4d02f94e]" started-at="2022-07-16T21:43:24 IST" name="test2" finished-at="2022-07-16T21:43:24 IST" duration-ms="25" status="PASS">
          <reporter-output>
          </reporter-output>
        </test-method> <!-- test2 -->
        <test-method is-config="true" signature="afterMethod()[pri:0, instance:test_pack.Demo1@4d02f94e]" started-at="2022-07-16T21:43:24 IST" name="afterMethod" finished-at="2022-07-16T21:43:24 IST" duration-ms="1" status="PASS">
          <reporter-output>
          </reporter-output>
        </test-method> <!-- afterMethod -->
        <test-method is-config="true" signature="afterClass()[pri:0, instance:test_pack.Demo1@4d02f94e]" started-at="2022-07-16T21:43:24 IST" name="afterClass" finished-at="2022-07-16T21:43:24 IST" duration-ms="7" status="PASS">
          <reporter-output>
          </reporter-output>
        </test-method> <!-- afterClass -->
      </class> <!-- test_pack.Demo1 -->
    </test> <!-- chrome -->
  </suite> <!-- feb26 -->
</testng-results>
